<?xml version="1.0" encoding="utf-8"?><testsuites name="pytest tests"><testsuite name="pytest" errors="0" failures="0" skipped="0" tests="8" time="4.441" timestamp="2026-02-23T09:48:58.957632+00:00" hostname="agent-env-d6d66786-bfa0-4864-be38-61946bff41ec"><testcase classname="tests.test_cloudinary_api.TestCloudinarySignature" name="test_signature_with_uploads_folder" time="0.516" /><testcase classname="tests.test_cloudinary_api.TestCloudinarySignature" name="test_signature_with_memos_folder" time="0.429" /><testcase classname="tests.test_cloudinary_api.TestCloudinarySignature" name="test_signature_with_certificates_folder" time="0.431" /><testcase classname="tests.test_cloudinary_api.TestCloudinarySignature" name="test_signature_rejects_invalid_folder" time="0.434" /><testcase classname="tests.test_cloudinary_api.TestCloudinarySignature" name="test_signature_requires_authentication" time="0.440" /><testcase classname="tests.test_cloudinary_api.TestJobMemoUpload" name="test_upload_memo_with_cloudinary_url" time="0.729" /><testcase classname="tests.test_cloudinary_api.TestStoneCertificateScanUpload" name="test_upload_certificate_scan_with_cloudinary_url" time="0.708" /><testcase classname="tests.test_cloudinary_api.TestLegacyBase64Display" name="test_backend_accepts_base64_data" time="0.668" /></testsuite></testsuites>