<?xml version="1.0" encoding="utf-8"?><testsuites name="pytest tests"><testsuite name="pytest" errors="0" failures="0" skipped="0" tests="39" time="26.471" timestamp="2026-04-20T03:08:08.413596+00:00" hostname="agent-env-76175ead-8b51-4d1d-856d-20247ee14ca0"><testcase classname="backend.tests.test_comprehensive_api.TestAuth" name="test_admin_login_success" time="0.456" /><testcase classname="backend.tests.test_comprehensive_api.TestAuth" name="test_customer_login_success" time="0.340" /><testcase classname="backend.tests.test_comprehensive_api.TestAuth" name="test_branch_admin_login_success" time="0.366" /><testcase classname="backend.tests.test_comprehensive_api.TestAuth" name="test_login_invalid_credentials" time="0.144" /><testcase classname="backend.tests.test_comprehensive_api.TestAuth" name="test_auth_me_endpoint" time="0.438" /><testcase classname="backend.tests.test_comprehensive_api.TestJobs" name="test_list_jobs" time="0.512" /><testcase classname="backend.tests.test_comprehensive_api.TestJobs" name="test_get_job_detail" time="0.635" /><testcase classname="backend.tests.test_comprehensive_api.TestJobs" name="test_create_job_with_stones" time="0.514" /><testcase classname="backend.tests.test_comprehensive_api.TestJobs" name="test_update_job_status" time="0.719" /><testcase classname="backend.tests.test_comprehensive_api.TestJobs" name="test_update_job_discount" time="0.707" /><testcase classname="backend.tests.test_comprehensive_api.TestJobs" name="test_update_job_notes" time="0.633" /><testcase classname="backend.tests.test_comprehensive_api.TestStones" name="test_list_all_stones" time="0.512" /><testcase classname="backend.tests.test_comprehensive_api.TestStones" name="test_get_stone_detail" time="0.615" /><testcase classname="backend.tests.test_comprehensive_api.TestStones" name="test_update_stone_mounted_status" time="0.604" /><testcase classname="backend.tests.test_comprehensive_api.TestStones" name="test_update_stone_color_stability" time="0.629" /><testcase classname="backend.tests.test_comprehensive_api.TestStones" name="test_update_stone_actual_fee" time="0.656" /><testcase classname="backend.tests.test_comprehensive_api.TestPayments" name="test_exchange_rate" time="0.713" /><testcase classname="backend.tests.test_comprehensive_api.TestPayments" name="test_generate_payment_token" time="0.645" /><testcase classname="backend.tests.test_comprehensive_api.TestPayments" name="test_get_payment_details" time="0.779" /><testcase classname="backend.tests.test_comprehensive_api.TestPayments" name="test_adjustment_payment_token" time="1.081" /><testcase classname="backend.tests.test_comprehensive_api.TestPayments" name="test_payment_status" time="0.746" /><testcase classname="backend.tests.test_comprehensive_api.TestClients" name="test_list_clients" time="0.451" /><testcase classname="backend.tests.test_comprehensive_api.TestClients" name="test_get_client_detail" time="0.455" /><testcase classname="backend.tests.test_comprehensive_api.TestClients" name="test_create_client" time="0.672" /><testcase classname="backend.tests.test_comprehensive_api.TestClients" name="test_update_client" time="0.576" /><testcase classname="backend.tests.test_comprehensive_api.TestClients" name="test_customer_cannot_list_clients" time="0.822" /><testcase classname="backend.tests.test_comprehensive_api.TestShipments" name="test_list_shipments" time="0.459" /><testcase classname="backend.tests.test_comprehensive_api.TestShipments" name="test_get_shipment_options" time="0.451" /><testcase classname="backend.tests.test_comprehensive_api.TestShipments" name="test_create_shipment" time="0.650" /><testcase classname="backend.tests.test_comprehensive_api.TestSettings" name="test_get_pricing" time="0.431" /><testcase classname="backend.tests.test_comprehensive_api.TestSettings" name="test_get_dropdown_settings" time="0.446" /><testcase classname="backend.tests.test_comprehensive_api.TestNotifications" name="test_get_notification_status" time="0.626" /><testcase classname="backend.tests.test_comprehensive_api.TestNotifications" name="test_preview_notification" time="0.674" /><testcase classname="backend.tests.test_comprehensive_api.TestDashboard" name="test_get_dashboard_stats" time="0.444" /><testcase classname="backend.tests.test_comprehensive_api.TestPDF" name="test_generate_memo_pdf" time="2.805" /><testcase classname="backend.tests.test_comprehensive_api.TestPDF" name="test_generate_invoice_pdf" time="2.575" /><testcase classname="backend.tests.test_comprehensive_api.TestBranches" name="test_list_branches" time="0.462" /><testcase classname="backend.tests.test_comprehensive_api.TestCustomerAccess" name="test_customer_sees_only_own_jobs" time="0.464" /><testcase classname="backend.tests.test_comprehensive_api.TestCustomerAccess" name="test_customer_cannot_create_job" time="0.444" /></testsuite></testsuites>