<?xml version="1.0" encoding="utf-8"?><testsuites name="pytest tests"><testsuite name="pytest" errors="0" failures="0" skipped="0" tests="13" time="1.600" timestamp="2026-04-23T12:04:31.757300+00:00" hostname="agent-env-76175ead-8b51-4d1d-856d-20247ee14ca0"><testcase classname="test_iter22_refactors.TestDashboardStats" name="test_admin_dashboard_stats" time="0.266" /><testcase classname="test_iter22_refactors.TestDashboardStats" name="test_customer_dashboard_stats" time="0.232" /><testcase classname="test_iter22_refactors.TestDashboardStats" name="test_stats_requires_auth" time="0.002" /><testcase classname="test_iter22_refactors.TestJobResponseShape" name="test_jobs_list_has_enriched_fields" time="0.025" /><testcase classname="test_iter22_refactors.TestJobResponseShape" name="test_single_job_fetch" time="0.037" /><testcase classname="test_iter22_refactors.TestNotificationPreviews" name="test_preview_each_type[stones_accepted]" time="0.037" /><testcase classname="test_iter22_refactors.TestNotificationPreviews" name="test_preview_each_type[verbal_uploaded]" time="0.004" /><testcase classname="test_iter22_refactors.TestNotificationPreviews" name="test_preview_each_type[stones_returned]" time="0.004" /><testcase classname="test_iter22_refactors.TestNotificationPreviews" name="test_preview_each_type[cert_uploaded]" time="0.004" /><testcase classname="test_iter22_refactors.TestNotificationPreviews" name="test_preview_each_type[cert_returned]" time="0.003" /><testcase classname="test_iter22_refactors.TestManualPayment" name="test_reject_zero_or_negative" time="0.038" /><testcase classname="test_iter22_refactors.TestManualPayment" name="test_reject_over_balance" time="0.003" /><testcase classname="test_iter22_refactors.TestManualPayment" name="test_record_positive_payment_and_receipt" time="0.871" /></testsuite></testsuites>