<?xml version="1.0" encoding="utf-8"?><testsuites name="pytest tests"><testsuite name="pytest" errors="0" failures="0" skipped="0" tests="48" time="18.318" timestamp="2026-04-23T12:02:44.105111+00:00" hostname="agent-env-76175ead-8b51-4d1d-856d-20247ee14ca0"><testcase classname="test_notifications_api.TestNotificationStatusEndpoint" name="test_get_notification_status_success" time="0.241" /><testcase classname="test_notifications_api.TestNotificationStatusEndpoint" name="test_notification_status_invalid_job_id" time="0.006" /><testcase classname="test_notifications_api.TestNotificationStatusEndpoint" name="test_notification_status_without_auth" time="0.003" /><testcase classname="test_notifications_api.TestNotificationPreviewEndpoint" name="test_preview_notification_success" time="0.007" /><testcase classname="test_notifications_api.TestNotificationPreviewEndpoint" name="test_preview_all_notification_types" time="0.021" /><testcase classname="test_notifications_api.TestNotificationPreviewEndpoint" name="test_preview_invalid_notification_type" time="0.003" /><testcase classname="test_notifications_api.TestNotificationPreviewEndpoint" name="test_preview_invalid_job_id" time="0.007" /><testcase classname="test_notifications_api.TestNotificationPreviewEndpoint" name="test_preview_without_auth" time="0.003" /><testcase classname="test_notifications_api.TestNotificationSendEndpoint" name="test_send_notification_structure" time="0.232" /><testcase classname="test_notifications_api.TestNotificationSendEndpoint" name="test_send_notification_invalid_type" time="0.004" /><testcase classname="test_notifications_api.TestNotificationSendEndpoint" name="test_send_notification_invalid_job" time="0.006" /><testcase classname="test_notifications_api.TestNotificationSendEndpoint" name="test_send_notification_without_auth" time="0.004" /><testcase classname="test_notifications_api.TestNotificationCanSend" name="test_can_send_is_true" time="0.008" /><testcase classname="test_refactored_api.TestHealthAndRoot" name="test_root_endpoint" time="0.207" /><testcase classname="test_refactored_api.TestHealthAndRoot" name="test_health_check" time="0.111" /><testcase classname="test_refactored_api.TestAuthentication" name="test_admin_login" time="0.354" /><testcase classname="test_refactored_api.TestAuthentication" name="test_customer_login" time="0.337" /><testcase classname="test_refactored_api.TestAuthentication" name="test_invalid_login" time="0.114" /><testcase classname="test_refactored_api.TestAuthentication" name="test_get_current_user" time="0.493" /><testcase classname="test_refactored_api.TestBranches" name="test_get_branches" time="0.473" /><testcase classname="test_refactored_api.TestClients" name="test_get_clients" time="0.472" /><testcase classname="test_refactored_api.TestJobs" name="test_get_jobs" time="0.592" /><testcase classname="test_refactored_api.TestJobs" name="test_get_job_by_id" time="0.681" /><testcase classname="test_refactored_api.TestStones" name="test_get_all_stones" time="0.513" /><testcase classname="test_refactored_api.TestShipments" name="test_get_shipments" time="0.462" /><testcase classname="test_refactored_api.TestShipments" name="test_get_shipment_config_options" time="0.501" /><testcase classname="test_refactored_api.TestDashboard" name="test_get_dashboard_stats" time="0.480" /><testcase classname="test_refactored_api.TestPricing" name="test_get_pricing" time="0.449" /><testcase classname="test_refactored_api.TestSettings" name="test_get_dropdown_settings" time="0.460" /><testcase classname="test_refactored_api.TestUsers" name="test_get_users" time="0.457" /><testcase classname="test_refactored_api.TestAddresses" name="test_get_addresses" time="0.447" /><testcase classname="test_refactored_api.TestCloudinary" name="test_get_cloudinary_signature" time="0.451" /><testcase classname="test_refactored_api.TestPDFGeneration" name="test_generate_memo_in_pdf" time="2.852" /><testcase classname="test_refactored_api.TestPDFGeneration" name="test_generate_invoice_pdf" time="2.686" /><testcase classname="test_refactored_api.TestNotifications" name="test_get_notification_status" time="0.657" /><testcase classname="test_refactored_api.TestCustomerRoleAccess" name="test_customer_sees_only_their_jobs" time="0.492" /><testcase classname="test_refactored_api.TestCustomerRoleAccess" name="test_customer_cannot_access_all_clients" time="0.440" /><testcase classname="test_verbal_findings.TestDropdownSettings" name="test_get_dropdown_settings" time="0.449" /><testcase classname="test_verbal_findings.TestDropdownSettings" name="test_identification_dropdown_values" time="0.116" /><testcase classname="test_verbal_findings.TestDropdownSettings" name="test_color_dropdown_values" time="0.113" /><testcase classname="test_verbal_findings.TestDropdownSettings" name="test_origin_dropdown_values" time="0.113" /><testcase classname="test_verbal_findings.TestDropdownSettings" name="test_comment_dropdown_values" time="0.128" /><testcase classname="test_verbal_findings.TestDropdownSettings" name="test_initialize_dropdowns_idempotent" time="0.105" /><testcase classname="test_verbal_findings.TestStructuredVerbalFindings" name="test_get_jobs_with_stones" time="0.209" /><testcase classname="test_verbal_findings.TestStructuredVerbalFindings" name="test_save_structured_verbal_findings" time="0.352" /><testcase classname="test_verbal_findings.TestStructuredVerbalFindings" name="test_verify_structured_verbal_findings_persisted" time="0.501" /><testcase classname="test_verbal_findings.TestShipmentNestedJob" name="test_get_shipments_with_jobs" time="0.159" /><testcase classname="test_verbal_findings.TestShipmentNestedJob" name="test_shipment_job_details_available" time="0.254" /></testsuite></testsuites>