<?xml version="1.0" encoding="utf-8"?><testsuites name="pytest tests"><testsuite name="pytest" errors="0" failures="0" skipped="0" tests="7" time="4.954" timestamp="2026-04-14T11:46:46.998283+00:00" hostname="agent-env-76175ead-8b51-4d1d-856d-20247ee14ca0"><testcase classname="backend.tests.test_mounted_fee.TestMountedFeeFeature" name="test_01_mounted_fee_toggle_on" time="0.638" /><testcase classname="backend.tests.test_mounted_fee.TestMountedFeeFeature" name="test_02_mounted_fee_toggle_off" time="0.638" /><testcase classname="backend.tests.test_mounted_fee.TestMountedFeeFeature" name="test_03_mounted_fee_once_per_certificate_group" time="0.843" /><testcase classname="backend.tests.test_mounted_fee.TestMountedFeeFeature" name="test_04_color_stability_toggle_on" time="0.743" /><testcase classname="backend.tests.test_mounted_fee.TestMountedFeeFeature" name="test_05_color_stability_toggle_off" time="0.684" /><testcase classname="backend.tests.test_mounted_fee.TestMountedFeeFeature" name="test_06_combined_mounted_and_cst" time="0.679" /><testcase classname="backend.tests.test_mounted_fee.TestMountedFeeFeature" name="test_07_api_returns_updated_total_fee" time="0.663" /></testsuite></testsuites>