<?xml version="1.0" encoding="utf-8"?><testsuites name="pytest tests"><testsuite name="pytest" errors="0" failures="0" skipped="0" tests="13" time="2.585" timestamp="2026-02-24T09:13:12.603051+00:00" hostname="agent-env-a87815ce-5a12-4fc0-8c94-b606415b6433"><testcase classname="backend.tests.test_notifications_api.TestNotificationStatusEndpoint" name="test_get_notification_status_success" time="0.471" /><testcase classname="backend.tests.test_notifications_api.TestNotificationStatusEndpoint" name="test_notification_status_invalid_job_id" time="0.114" /><testcase classname="backend.tests.test_notifications_api.TestNotificationStatusEndpoint" name="test_notification_status_without_auth" time="0.112" /><testcase classname="backend.tests.test_notifications_api.TestNotificationPreviewEndpoint" name="test_preview_notification_success" time="0.117" /><testcase classname="backend.tests.test_notifications_api.TestNotificationPreviewEndpoint" name="test_preview_all_notification_types" time="0.553" /><testcase classname="backend.tests.test_notifications_api.TestNotificationPreviewEndpoint" name="test_preview_invalid_notification_type" time="0.106" /><testcase classname="backend.tests.test_notifications_api.TestNotificationPreviewEndpoint" name="test_preview_invalid_job_id" time="0.112" /><testcase classname="backend.tests.test_notifications_api.TestNotificationPreviewEndpoint" name="test_preview_without_auth" time="0.095" /><testcase classname="backend.tests.test_notifications_api.TestNotificationSendEndpoint" name="test_send_notification_structure" time="0.431" /><testcase classname="backend.tests.test_notifications_api.TestNotificationSendEndpoint" name="test_send_notification_invalid_type" time="0.112" /><testcase classname="backend.tests.test_notifications_api.TestNotificationSendEndpoint" name="test_send_notification_invalid_job" time="0.103" /><testcase classname="backend.tests.test_notifications_api.TestNotificationSendEndpoint" name="test_send_notification_without_auth" time="0.103" /><testcase classname="backend.tests.test_notifications_api.TestNotificationCanSend" name="test_can_send_is_true" time="0.106" /></testsuite></testsuites>