<?xml version="1.0" encoding="utf-8"?><testsuites name="pytest tests"><testsuite name="pytest" errors="0" failures="0" skipped="0" tests="9" time="8.251" timestamp="2026-02-19T18:06:00.638043+00:00" hostname="agent-env-ee3b6367-3f67-47b1-a679-7506788c5d3c"><testcase classname="backend.tests.test_jobs_api.TestJobsAPI" name="test_login_success" time="0.781" /><testcase classname="backend.tests.test_jobs_api.TestJobsAPI" name="test_get_all_jobs" time="0.602" /><testcase classname="backend.tests.test_jobs_api.TestJobsAPI" name="test_get_job_by_id" time="0.705" /><testcase classname="backend.tests.test_jobs_api.TestJobsAPI" name="test_update_job_status_and_notes" time="0.885" /><testcase classname="backend.tests.test_jobs_api.TestJobsAPI" name="test_update_job_invalid_status" time="1.167" /><testcase classname="backend.tests.test_jobs_api.TestJobsAPI" name="test_group_stones_for_certificate" time="0.899" /><testcase classname="backend.tests.test_jobs_api.TestJobsAPI" name="test_group_stones_max_limit" time="0.651" /><testcase classname="backend.tests.test_jobs_api.TestJobsAPI" name="test_upload_memo" time="0.588" /><testcase classname="backend.tests.test_jobs_api.TestJobsAPI" name="test_valid_statuses" time="1.924" /></testsuite></testsuites>