<?xml version="1.0" encoding="utf-8"?><testsuites name="pytest tests"><testsuite name="pytest" errors="0" failures="1" skipped="0" tests="50" time="16.946" timestamp="2026-04-23T14:33:42.094645+00:00" hostname="agent-env-76175ead-8b51-4d1d-856d-20247ee14ca0"><testcase classname="tests.test_jobs_api.TestJobsAPI" name="test_login_success" time="0.736" /><testcase classname="tests.test_jobs_api.TestJobsAPI" name="test_get_all_jobs" time="0.554" /><testcase classname="tests.test_jobs_api.TestJobsAPI" name="test_get_job_by_id" time="0.678" /><testcase classname="tests.test_jobs_api.TestJobsAPI" name="test_update_job_status_and_notes" time="0.944" /><testcase classname="tests.test_jobs_api.TestJobsAPI" name="test_update_job_invalid_status" time="0.659" /><testcase classname="tests.test_jobs_api.TestJobsAPI" name="test_group_stones_for_certificate" time="0.788" /><testcase classname="tests.test_jobs_api.TestJobsAPI" name="test_group_stones_max_limit" time="0.651" /><testcase classname="tests.test_jobs_api.TestJobsAPI" name="test_upload_memo" time="0.706" /><testcase classname="tests.test_jobs_api.TestJobsAPI" name="test_valid_statuses" time="0.663"><failure message="AssertionError: Failed to set status 'received': {&quot;detail&quot;:&quot;Invalid status. Must be one of: ['draft', 'stones_accepted', 'sent_to_lab', 'verbal_uploaded', 'stones_returned', 'cert_uploaded', 'cert_returned', 'done']&quot;}&#10;assert 400 == 200&#10; +  where 400 = &lt;Response [400]&gt;.status_code">E   AssertionError: Failed to set status 'received': {"detail":"Invalid status. Must be one of: ['draft', 'stones_accepted', 'sent_to_lab', 'verbal_uploaded', 'stones_returned', 'cert_uploaded', 'cert_returned', 'done']"}
    assert 400 == 200
     +  where 400 = &lt;Response [400]&gt;.status_code</failure></testcase><testcase classname="tests.test_notifications_api.TestNotificationStatusEndpoint" name="test_get_notification_status_success" time="0.229" /><testcase classname="tests.test_notifications_api.TestNotificationStatusEndpoint" name="test_notification_status_invalid_job_id" time="0.003" /><testcase classname="tests.test_notifications_api.TestNotificationStatusEndpoint" name="test_notification_status_without_auth" time="0.002" /><testcase classname="tests.test_notifications_api.TestNotificationPreviewEndpoint" name="test_preview_notification_success" time="0.004" /><testcase classname="tests.test_notifications_api.TestNotificationPreviewEndpoint" name="test_preview_all_notification_types" time="0.016" /><testcase classname="tests.test_notifications_api.TestNotificationPreviewEndpoint" name="test_preview_invalid_notification_type" time="0.003" /><testcase classname="tests.test_notifications_api.TestNotificationPreviewEndpoint" name="test_preview_invalid_job_id" time="0.003" /><testcase classname="tests.test_notifications_api.TestNotificationPreviewEndpoint" name="test_preview_without_auth" time="0.002" /><testcase classname="tests.test_notifications_api.TestNotificationSendEndpoint" name="test_send_notification_structure" time="0.204" /><testcase classname="tests.test_notifications_api.TestNotificationSendEndpoint" name="test_send_notification_invalid_type" time="0.003" /><testcase classname="tests.test_notifications_api.TestNotificationSendEndpoint" name="test_send_notification_invalid_job" time="0.003" /><testcase classname="tests.test_notifications_api.TestNotificationSendEndpoint" name="test_send_notification_without_auth" time="0.002" /><testcase classname="tests.test_notifications_api.TestNotificationCanSend" name="test_can_send_is_true" time="0.004" /><testcase classname="tests.test_iter22_refactors.TestDashboardStats" name="test_admin_dashboard_stats" time="0.233" /><testcase classname="tests.test_iter22_refactors.TestDashboardStats" name="test_customer_dashboard_stats" time="0.231" /><testcase classname="tests.test_iter22_refactors.TestDashboardStats" name="test_stats_requires_auth" time="0.002" /><testcase classname="tests.test_iter22_refactors.TestJobResponseShape" name="test_jobs_list_has_enriched_fields" time="0.038" /><testcase classname="tests.test_iter22_refactors.TestJobResponseShape" name="test_single_job_fetch" time="0.046" /><testcase classname="tests.test_iter22_refactors.TestNotificationPreviews" name="test_preview_each_type[stones_accepted]" time="0.042" /><testcase classname="tests.test_iter22_refactors.TestNotificationPreviews" name="test_preview_each_type[verbal_uploaded]" time="0.004" /><testcase classname="tests.test_iter22_refactors.TestNotificationPreviews" name="test_preview_each_type[stones_returned]" time="0.004" /><testcase classname="tests.test_iter22_refactors.TestNotificationPreviews" name="test_preview_each_type[cert_uploaded]" time="0.004" /><testcase classname="tests.test_iter22_refactors.TestNotificationPreviews" name="test_preview_each_type[cert_returned]" time="0.004" /><testcase classname="tests.test_iter22_refactors.TestManualPayment" name="test_reject_zero_or_negative" time="0.045" /><testcase classname="tests.test_iter22_refactors.TestManualPayment" name="test_reject_over_balance" time="0.004" /><testcase classname="tests.test_iter22_refactors.TestManualPayment" name="test_record_positive_payment_and_receipt" time="0.588" /><testcase classname="tests.test_partial_shipments.TestPartialShipmentHelpers" name="test_is_partial_with_stone_ids" time="0.000" /><testcase classname="tests.test_partial_shipments.TestPartialShipmentHelpers" name="test_is_partial_without_stone_ids" time="0.000" /><testcase classname="tests.test_partial_shipments.TestPartialShipmentHelpers" name="test_is_partial_with_none" time="0.000" /><testcase classname="tests.test_partial_shipments.TestApplyStoneLifecycle" name="test_stones_from_lab_delivered_updates_only_selected_stones" time="0.003" /><testcase classname="tests.test_partial_shipments.TestApplyStoneLifecycle" name="test_legacy_stones_are_skipped" time="0.001" /><testcase classname="tests.test_partial_shipments.TestApplyStoneLifecycle" name="test_certificates_from_lab_updates_cert_status" time="0.002" /><testcase classname="tests.test_partial_shipments.TestApplyStoneLifecycle" name="test_no_op_for_irrelevant_status" time="0.001" /><testcase classname="tests.test_partial_shipments.TestEmailPartialEnumeration" name="test_stones_returned_partial" time="0.001" /><testcase classname="tests.test_partial_shipments.TestEmailPartialEnumeration" name="test_stones_returned_full_backward_compat" time="0.000" /><testcase classname="tests.test_partial_shipments.TestEmailPartialEnumeration" name="test_cert_returned_partial" time="0.000" /><testcase classname="tests.test_partial_shipments_e2e.TestStoneStatusOnCreate" name="test_new_stones_have_at_office_status" time="0.902" /><testcase classname="tests.test_partial_shipments_e2e.TestSendToLabLifecycle" name="test_send_to_lab_shipment_and_deliver" time="4.915" /><testcase classname="tests.test_partial_shipments_e2e.TestPartialReturn" name="test_partial_return_updates_only_selected_stones" time="0.954" /><testcase classname="tests.test_partial_shipments_e2e.TestPartialReturn" name="test_notification_preview_partial" time="0.244" /><testcase classname="tests.test_partial_shipments_e2e.TestCertPartialReturn" name="test_cert_partial_updates_only_selected" time="1.443" /></testsuite></testsuites>