<?xml version="1.0" encoding="utf-8"?><testsuites name="pytest tests"><testsuite name="pytest" errors="0" failures="1" skipped="0" tests="5" time="4.662" timestamp="2026-04-23T14:30:49.583854+00:00" hostname="agent-env-76175ead-8b51-4d1d-856d-20247ee14ca0"><testcase classname="tests.test_partial_shipments_e2e.TestStoneStatusOnCreate" name="test_new_stones_have_at_office_status" time="1.004" /><testcase classname="tests.test_partial_shipments_e2e.TestSendToLabLifecycle" name="test_send_to_lab_shipment_and_deliver" time="1.017" /><testcase classname="tests.test_partial_shipments_e2e.TestPartialReturn" name="test_partial_return_updates_only_selected_stones" time="0.988" /><testcase classname="tests.test_partial_shipments_e2e.TestPartialReturn" name="test_notification_preview_partial" time="0.121"><failure message="assert 'TEST_SKU_0' in '&lt;!DOCTYPE html&gt;\n&lt;html&gt;\n&lt;head&gt;\n    &lt;meta charset=&quot;utf-8&quot;&gt;\n    &lt;meta name=&quot;viewport&quot; content=&quot;width=device-width, initial-scale=1.0&quot;&gt;\n    &lt;title&gt;Job #33 · Partial return — 2 of 3 stones ready&lt;/title&gt;\n&lt;/head&gt;\n&lt;body style=&quot;font-family: Arial, sans-serif; line-height: 1.55; margin: 0; padding: 0; background-color: #f5f5f5;&quot;&gt;\n    &lt;table role=&quot;presentation&quot; width=&quot;100%&quot; cellpadding=&quot;0&quot; cellspacing=&quot;0&quot; style=&quot;background-color: #f5f5f5; padding: 24px 0;&quot;&gt;\n      &lt;tr&gt;\n        &lt;td align=&quot;center&quot;&gt;\n          &lt;table role=&quot;presentation&quot; width=&quot;620&quot; cellpadding=&quot;0&quot; cellspacing=&quot;0&quot; style=&quot;max-width: 620px; background-color: #ffffff; border-radius: 10px; overflow: hidden; box-shadow: 0 2px 8px rgba(20, 20, 23, 0.08);&quot;&gt;\n            &lt;tr&gt;&lt;td&gt;\n    &lt;table role=&quot;presentation&quot; width=&quot;100%&quot; cellpadding=&quot;0&quot; cellspacing=&quot;0&quot; style=&quot;background-color: #141417;&quot;&gt;\n      &lt;tr&gt;\n        &lt;td style=&quot;padding: 22px 28px;&quot; valign=&quot;middle&quot;&gt;\n          &lt;table role=&quot;presentation&quot; width=&quot;100%&quot; cellpadding=&quot;0&quot; cellspacing=&quot;0&quot;&gt;\n            &lt;tr&gt;\n              &lt;td valign=&quot;middle&quot; style=&quot;text-align: left; width: 60px;&quot;&gt;\n                &lt;table role=&quot;presentation&quot; cellpadding=&quot;0&quot; cellspacing=&quot;0&quot;&gt;&lt;tr&gt;\n            ...voice is attached to this email.&lt;/em&gt;&lt;/p&gt;\n        &lt;/td&gt;\n      &lt;/tr&gt;\n    &lt;/table&gt;\n    &lt;/td&gt;&lt;/tr&gt;\n            &lt;tr&gt;&lt;td&gt;\n    &lt;table role=&quot;presentation&quot; width=&quot;100%&quot; cellpadding=&quot;0&quot; cellspacing=&quot;0&quot; style=&quot;background-color: #f5f5f5; border-top: 1px solid #d9e2ec;&quot;&gt;\n      &lt;tr&gt;\n        &lt;td style=&quot;padding: 20px 28px; font-family: Arial, sans-serif; font-size: 11px; color: #71717a; line-height: 1.6; text-align: center;&quot;&gt;\n          &lt;div style=&quot;color: #3f3f46; font-weight: 700; font-size: 12px;&quot;&gt;Eliyahu Bashari Diamonds LTD&lt;/div&gt;\n          &lt;div&gt;Israel Diamond Exchange, Macabbi bld. 23-42, 1 Jabotinsky st. 5252001, Ramat-Gan&lt;/div&gt;\n          &lt;div&gt;+972-3-7521295 &amp;nbsp;·&amp;nbsp; +972-54-2989805&lt;/div&gt;\n          &lt;div&gt;&lt;a href=&quot;mailto:grs-il@bashds.com&quot; style=&quot;color: #141417; text-decoration: none;&quot;&gt;grs-il@bashds.com&lt;/a&gt; &amp;nbsp;·&amp;nbsp; VAT 513180083&lt;/div&gt;\n          &lt;div style=&quot;margin-top: 10px; color: #a1a1aa; font-size: 10px;&quot;&gt;This is an automated message from Bashari Lab-Direct. Please do not reply to this email — use the contact details above.&lt;/div&gt;\n        &lt;/td&gt;\n      &lt;/tr&gt;\n    &lt;/table&gt;\n    &lt;/td&gt;&lt;/tr&gt;\n          &lt;/table&gt;\n        &lt;/td&gt;\n      &lt;/tr&gt;\n    &lt;/table&gt;\n&lt;/body&gt;\n&lt;/html&gt;\n'">tests/test_partial_shipments_e2e.py:201: in test_notification_preview_partial
    assert "TEST_SKU_0" in html
E   assert 'TEST_SKU_0' in '&lt;!DOCTYPE html&gt;\n&lt;html&gt;\n&lt;head&gt;\n    &lt;meta charset="utf-8"&gt;\n    &lt;meta name="viewport" content="width=device-width, initial-scale=1.0"&gt;\n    &lt;title&gt;Job #33 · Partial return — 2 of 3 stones ready&lt;/title&gt;\n&lt;/head&gt;\n&lt;body style="font-family: Arial, sans-serif; line-height: 1.55; margin: 0; padding: 0; background-color: #f5f5f5;"&gt;\n    &lt;table role="presentation" width="100%" cellpadding="0" cellspacing="0" style="background-color: #f5f5f5; padding: 24px 0;"&gt;\n      &lt;tr&gt;\n        &lt;td align="center"&gt;\n          &lt;table role="presentation" width="620" cellpadding="0" cellspacing="0" style="max-width: 620px; background-color: #ffffff; border-radius: 10px; overflow: hidden; box-shadow: 0 2px 8px rgba(20, 20, 23, 0.08);"&gt;\n            &lt;tr&gt;&lt;td&gt;\n    &lt;table role="presentation" width="100%" cellpadding="0" cellspacing="0" style="background-color: #141417;"&gt;\n      &lt;tr&gt;\n        &lt;td style="padding: 22px 28px;" valign="middle"&gt;\n          &lt;table role="presentation" width="100%" cellpadding="0" cellspacing="0"&gt;\n            &lt;tr&gt;\n              &lt;td valign="middle" style="text-align: left; width: 60px;"&gt;\n                &lt;table role="presentation" cellpadding="0" cellspacing="0"&gt;&lt;tr&gt;\n            ...voice is attached to this email.&lt;/em&gt;&lt;/p&gt;\n        &lt;/td&gt;\n      &lt;/tr&gt;\n    &lt;/table&gt;\n    &lt;/td&gt;&lt;/tr&gt;\n            &lt;tr&gt;&lt;td&gt;\n    &lt;table role="presentation" width="100%" cellpadding="0" cellspacing="0" style="background-color: #f5f5f5; border-top: 1px solid #d9e2ec;"&gt;\n      &lt;tr&gt;\n        &lt;td style="padding: 20px 28px; font-family: Arial, sans-serif; font-size: 11px; color: #71717a; line-height: 1.6; text-align: center;"&gt;\n          &lt;div style="color: #3f3f46; font-weight: 700; font-size: 12px;"&gt;Eliyahu Bashari Diamonds LTD&lt;/div&gt;\n          &lt;div&gt;Israel Diamond Exchange, Macabbi bld. 23-42, 1 Jabotinsky st. 5252001, Ramat-Gan&lt;/div&gt;\n          &lt;div&gt;+972-3-7521295 &amp;nbsp;·&amp;nbsp; +972-54-2989805&lt;/div&gt;\n          &lt;div&gt;&lt;a href="mailto:grs-il@bashds.com" style="color: #141417; text-decoration: none;"&gt;grs-il@bashds.com&lt;/a&gt; &amp;nbsp;·&amp;nbsp; VAT 513180083&lt;/div&gt;\n          &lt;div style="margin-top: 10px; color: #a1a1aa; font-size: 10px;"&gt;This is an automated message from Bashari Lab-Direct. Please do not reply to this email — use the contact details above.&lt;/div&gt;\n        &lt;/td&gt;\n      &lt;/tr&gt;\n    &lt;/table&gt;\n    &lt;/td&gt;&lt;/tr&gt;\n          &lt;/table&gt;\n        &lt;/td&gt;\n      &lt;/tr&gt;\n    &lt;/table&gt;\n&lt;/body&gt;\n&lt;/html&gt;\n'</failure></testcase><testcase classname="tests.test_partial_shipments_e2e.TestCertPartialReturn" name="test_cert_partial_updates_only_selected" time="1.429" /></testsuite></testsuites>