<?xml version="1.0" encoding="utf-8"?><testsuites name="pytest tests"><testsuite name="pytest" errors="0" failures="0" skipped="0" tests="15" time="5.179" timestamp="2026-04-23T14:31:25.814883+00:00" hostname="agent-env-76175ead-8b51-4d1d-856d-20247ee14ca0"><testcase classname="tests.test_partial_shipments_e2e.TestStoneStatusOnCreate" name="test_new_stones_have_at_office_status" time="1.028" /><testcase classname="tests.test_partial_shipments_e2e.TestSendToLabLifecycle" name="test_send_to_lab_shipment_and_deliver" time="0.969" /><testcase classname="tests.test_partial_shipments_e2e.TestPartialReturn" name="test_partial_return_updates_only_selected_stones" time="1.041" /><testcase classname="tests.test_partial_shipments_e2e.TestPartialReturn" name="test_notification_preview_partial" time="0.307" /><testcase classname="tests.test_partial_shipments_e2e.TestCertPartialReturn" name="test_cert_partial_updates_only_selected" time="1.461" /><testcase classname="tests.test_partial_shipments.TestPartialShipmentHelpers" name="test_is_partial_with_stone_ids" time="0.000" /><testcase classname="tests.test_partial_shipments.TestPartialShipmentHelpers" name="test_is_partial_without_stone_ids" time="0.000" /><testcase classname="tests.test_partial_shipments.TestPartialShipmentHelpers" name="test_is_partial_with_none" time="0.000" /><testcase classname="tests.test_partial_shipments.TestApplyStoneLifecycle" name="test_stones_from_lab_delivered_updates_only_selected_stones" time="0.003" /><testcase classname="tests.test_partial_shipments.TestApplyStoneLifecycle" name="test_legacy_stones_are_skipped" time="0.001" /><testcase classname="tests.test_partial_shipments.TestApplyStoneLifecycle" name="test_certificates_from_lab_updates_cert_status" time="0.002" /><testcase classname="tests.test_partial_shipments.TestApplyStoneLifecycle" name="test_no_op_for_irrelevant_status" time="0.001" /><testcase classname="tests.test_partial_shipments.TestEmailPartialEnumeration" name="test_stones_returned_partial" time="0.001" /><testcase classname="tests.test_partial_shipments.TestEmailPartialEnumeration" name="test_stones_returned_full_backward_compat" time="0.000" /><testcase classname="tests.test_partial_shipments.TestEmailPartialEnumeration" name="test_cert_returned_partial" time="0.000" /></testsuite></testsuites>