<?xml version="1.0" encoding="utf-8"?><testsuites name="pytest tests"><testsuite name="pytest" errors="34" failures="16" skipped="0" tests="165" time="99.219" timestamp="2026-04-23T14:31:50.957598+00:00" hostname="agent-env-76175ead-8b51-4d1d-856d-20247ee14ca0"><testcase classname="tests.test_comprehensive_api.TestAuth" name="test_admin_login_success" time="0.004"><failure message="AssertionError: Admin login failed: {&quot;detail&quot;:&quot;Not Found&quot;}&#10;assert 404 == 200&#10; +  where 404 = &lt;Response [404]&gt;.status_code">E   AssertionError: Admin login failed: {"detail":"Not Found"}
    assert 404 == 200
     +  where 404 = &lt;Response [404]&gt;.status_code</failure></testcase><testcase classname="tests.test_comprehensive_api.TestAuth" name="test_customer_login_success" time="0.003"><failure message="AssertionError: Customer login failed: {&quot;detail&quot;:&quot;Not Found&quot;}&#10;assert 404 == 200&#10; +  where 404 = &lt;Response [404]&gt;.status_code">E   AssertionError: Customer login failed: {"detail":"Not Found"}
    assert 404 == 200
     +  where 404 = &lt;Response [404]&gt;.status_code</failure></testcase><testcase classname="tests.test_comprehensive_api.TestAuth" name="test_branch_admin_login_success" time="0.002"><failure message="AssertionError: Branch admin login failed: {&quot;detail&quot;:&quot;Not Found&quot;}&#10;assert 404 == 200&#10; +  where 404 = &lt;Response [404]&gt;.status_code">E   AssertionError: Branch admin login failed: {"detail":"Not Found"}
    assert 404 == 200
     +  where 404 = &lt;Response [404]&gt;.status_code</failure></testcase><testcase classname="tests.test_comprehensive_api.TestAuth" name="test_login_invalid_credentials" time="0.002"><failure message="assert 404 == 401&#10; +  where 404 = &lt;Response [404]&gt;.status_code">E   assert 404 == 401
     +  where 404 = &lt;Response [404]&gt;.status_code</failure></testcase><testcase classname="tests.test_comprehensive_api.TestAuth" name="test_auth_me_endpoint" time="0.002"><failure message="KeyError: 'access_token'">E   KeyError: 'access_token'</failure></testcase><testcase classname="tests.test_comprehensive_api.TestJobs" name="test_list_jobs" time="0.002"><error message="failed on setup with &quot;KeyError: 'access_token'&quot;">E   KeyError: 'access_token'</error></testcase><testcase classname="tests.test_comprehensive_api.TestJobs" name="test_get_job_detail" time="0.002"><error message="failed on setup with &quot;KeyError: 'access_token'&quot;">E   KeyError: 'access_token'</error></testcase><testcase classname="tests.test_comprehensive_api.TestJobs" name="test_create_job_with_stones" time="0.002"><error message="failed on setup with &quot;KeyError: 'access_token'&quot;">E   KeyError: 'access_token'</error></testcase><testcase classname="tests.test_comprehensive_api.TestJobs" name="test_update_job_status" time="0.002"><error message="failed on setup with &quot;KeyError: 'access_token'&quot;">E   KeyError: 'access_token'</error></testcase><testcase classname="tests.test_comprehensive_api.TestJobs" name="test_update_job_discount" time="0.002"><error message="failed on setup with &quot;KeyError: 'access_token'&quot;">E   KeyError: 'access_token'</error></testcase><testcase classname="tests.test_comprehensive_api.TestJobs" name="test_update_job_notes" time="0.002"><error message="failed on setup with &quot;KeyError: 'access_token'&quot;">E   KeyError: 'access_token'</error></testcase><testcase classname="tests.test_comprehensive_api.TestStones" name="test_list_all_stones" time="0.002"><error message="failed on setup with &quot;KeyError: 'access_token'&quot;">E   KeyError: 'access_token'</error></testcase><testcase classname="tests.test_comprehensive_api.TestStones" name="test_get_stone_detail" time="0.002"><error message="failed on setup with &quot;KeyError: 'access_token'&quot;">E   KeyError: 'access_token'</error></testcase><testcase classname="tests.test_comprehensive_api.TestStones" name="test_update_stone_mounted_status" time="0.002"><error message="failed on setup with &quot;KeyError: 'access_token'&quot;">E   KeyError: 'access_token'</error></testcase><testcase classname="tests.test_comprehensive_api.TestStones" name="test_update_stone_color_stability" time="0.002"><error message="failed on setup with &quot;KeyError: 'access_token'&quot;">E   KeyError: 'access_token'</error></testcase><testcase classname="tests.test_comprehensive_api.TestStones" name="test_update_stone_actual_fee" time="0.002"><error message="failed on setup with &quot;KeyError: 'access_token'&quot;">E   KeyError: 'access_token'</error></testcase><testcase classname="tests.test_comprehensive_api.TestPayments" name="test_exchange_rate" time="0.002"><error message="failed on setup with &quot;KeyError: 'access_token'&quot;">E   KeyError: 'access_token'</error></testcase><testcase classname="tests.test_comprehensive_api.TestPayments" name="test_generate_payment_token" time="0.002"><error message="failed on setup with &quot;KeyError: 'access_token'&quot;">E   KeyError: 'access_token'</error></testcase><testcase classname="tests.test_comprehensive_api.TestPayments" name="test_get_payment_details" time="0.002"><error message="failed on setup with &quot;KeyError: 'access_token'&quot;">E   KeyError: 'access_token'</error></testcase><testcase classname="tests.test_comprehensive_api.TestPayments" name="test_adjustment_payment_token" time="0.002"><error message="failed on setup with &quot;KeyError: 'access_token'&quot;">E   KeyError: 'access_token'</error></testcase><testcase classname="tests.test_comprehensive_api.TestPayments" name="test_payment_status" time="0.002"><error message="failed on setup with &quot;KeyError: 'access_token'&quot;">E   KeyError: 'access_token'</error></testcase><testcase classname="tests.test_comprehensive_api.TestClients" name="test_list_clients" time="0.002"><error message="failed on setup with &quot;KeyError: 'access_token'&quot;">E   KeyError: 'access_token'</error></testcase><testcase classname="tests.test_comprehensive_api.TestClients" name="test_get_client_detail" time="0.002"><error message="failed on setup with &quot;KeyError: 'access_token'&quot;">E   KeyError: 'access_token'</error></testcase><testcase classname="tests.test_comprehensive_api.TestClients" name="test_create_client" time="0.002"><error message="failed on setup with &quot;KeyError: 'access_token'&quot;">E   KeyError: 'access_token'</error></testcase><testcase classname="tests.test_comprehensive_api.TestClients" name="test_update_client" time="0.002"><error message="failed on setup with &quot;KeyError: 'access_token'&quot;">E   KeyError: 'access_token'</error></testcase><testcase classname="tests.test_comprehensive_api.TestClients" name="test_customer_cannot_list_clients" time="0.003"><error message="failed on setup with &quot;KeyError: 'access_token'&quot;">E   KeyError: 'access_token'</error></testcase><testcase classname="tests.test_comprehensive_api.TestShipments" name="test_list_shipments" time="0.002"><error message="failed on setup with &quot;KeyError: 'access_token'&quot;">E   KeyError: 'access_token'</error></testcase><testcase classname="tests.test_comprehensive_api.TestShipments" name="test_get_shipment_options" time="0.002"><error message="failed on setup with &quot;KeyError: 'access_token'&quot;">E   KeyError: 'access_token'</error></testcase><testcase classname="tests.test_comprehensive_api.TestShipments" name="test_create_shipment" time="0.002"><error message="failed on setup with &quot;KeyError: 'access_token'&quot;">E   KeyError: 'access_token'</error></testcase><testcase classname="tests.test_comprehensive_api.TestSettings" name="test_get_pricing" time="0.002"><error message="failed on setup with &quot;KeyError: 'access_token'&quot;">E   KeyError: 'access_token'</error></testcase><testcase classname="tests.test_comprehensive_api.TestSettings" name="test_get_dropdown_settings" time="0.002"><error message="failed on setup with &quot;KeyError: 'access_token'&quot;">E   KeyError: 'access_token'</error></testcase><testcase classname="tests.test_comprehensive_api.TestNotifications" name="test_get_notification_status" time="0.002"><error message="failed on setup with &quot;KeyError: 'access_token'&quot;">E   KeyError: 'access_token'</error></testcase><testcase classname="tests.test_comprehensive_api.TestNotifications" name="test_preview_notification" time="0.002"><error message="failed on setup with &quot;KeyError: 'access_token'&quot;">E   KeyError: 'access_token'</error></testcase><testcase classname="tests.test_comprehensive_api.TestDashboard" name="test_get_dashboard_stats" time="0.002"><error message="failed on setup with &quot;KeyError: 'access_token'&quot;">E   KeyError: 'access_token'</error></testcase><testcase classname="tests.test_comprehensive_api.TestPDF" name="test_generate_memo_pdf" time="0.002"><error message="failed on setup with &quot;KeyError: 'access_token'&quot;">E   KeyError: 'access_token'</error></testcase><testcase classname="tests.test_comprehensive_api.TestPDF" name="test_generate_invoice_pdf" time="0.002"><error message="failed on setup with &quot;KeyError: 'access_token'&quot;">E   KeyError: 'access_token'</error></testcase><testcase classname="tests.test_comprehensive_api.TestBranches" name="test_list_branches" time="0.002"><error message="failed on setup with &quot;KeyError: 'access_token'&quot;">E   KeyError: 'access_token'</error></testcase><testcase classname="tests.test_comprehensive_api.TestCustomerAccess" name="test_customer_sees_only_own_jobs" time="0.002"><error message="failed on setup with &quot;KeyError: 'access_token'&quot;">E   KeyError: 'access_token'</error></testcase><testcase classname="tests.test_comprehensive_api.TestCustomerAccess" name="test_customer_cannot_create_job" time="0.002"><error message="failed on setup with &quot;KeyError: 'access_token'&quot;">E   KeyError: 'access_token'</error></testcase><testcase classname="tests.test_iter22_refactors.TestDashboardStats" name="test_admin_dashboard_stats" time="0.231" /><testcase classname="tests.test_iter22_refactors.TestDashboardStats" name="test_customer_dashboard_stats" time="0.229" /><testcase classname="tests.test_iter22_refactors.TestDashboardStats" name="test_stats_requires_auth" time="0.002" /><testcase classname="tests.test_iter22_refactors.TestJobResponseShape" name="test_jobs_list_has_enriched_fields" time="0.037" /><testcase classname="tests.test_iter22_refactors.TestJobResponseShape" name="test_single_job_fetch" time="0.052" /><testcase classname="tests.test_iter22_refactors.TestNotificationPreviews" name="test_preview_each_type[stones_accepted]" time="0.044" /><testcase classname="tests.test_iter22_refactors.TestNotificationPreviews" name="test_preview_each_type[verbal_uploaded]" time="0.004" /><testcase classname="tests.test_iter22_refactors.TestNotificationPreviews" name="test_preview_each_type[stones_returned]" time="0.007" /><testcase classname="tests.test_iter22_refactors.TestNotificationPreviews" name="test_preview_each_type[cert_uploaded]" time="0.005" /><testcase classname="tests.test_iter22_refactors.TestNotificationPreviews" name="test_preview_each_type[cert_returned]" time="0.004" /><testcase classname="tests.test_iter22_refactors.TestManualPayment" name="test_reject_zero_or_negative" time="0.041" /><testcase classname="tests.test_iter22_refactors.TestManualPayment" name="test_reject_over_balance" time="0.003" /><testcase classname="tests.test_iter22_refactors.TestManualPayment" name="test_record_positive_payment_and_receipt" time="0.713" /><testcase classname="tests.test_jobs_api.TestJobsAPI" name="test_login_success" time="0.702" /><testcase classname="tests.test_jobs_api.TestJobsAPI" name="test_get_all_jobs" time="0.552" /><testcase classname="tests.test_jobs_api.TestJobsAPI" name="test_get_job_by_id" time="0.658" /><testcase classname="tests.test_jobs_api.TestJobsAPI" name="test_update_job_status_and_notes" time="0.926" /><testcase classname="tests.test_jobs_api.TestJobsAPI" name="test_update_job_invalid_status" time="0.670" /><testcase classname="tests.test_jobs_api.TestJobsAPI" name="test_group_stones_for_certificate" time="0.767" /><testcase classname="tests.test_jobs_api.TestJobsAPI" name="test_group_stones_max_limit" time="0.679" /><testcase classname="tests.test_jobs_api.TestJobsAPI" name="test_upload_memo" time="0.717" /><testcase classname="tests.test_jobs_api.TestJobsAPI" name="test_valid_statuses" time="0.651"><failure message="AssertionError: Failed to set status 'received': {&quot;detail&quot;:&quot;Invalid status. Must be one of: ['draft', 'stones_accepted', 'sent_to_lab', 'verbal_uploaded', 'stones_returned', 'cert_uploaded', 'cert_returned', 'done']&quot;}&#10;assert 400 == 200&#10; +  where 400 = &lt;Response [400]&gt;.status_code">E   AssertionError: Failed to set status 'received': {"detail":"Invalid status. Must be one of: ['draft', 'stones_accepted', 'sent_to_lab', 'verbal_uploaded', 'stones_returned', 'cert_uploaded', 'cert_returned', 'done']"}
    assert 400 == 200
     +  where 400 = &lt;Response [400]&gt;.status_code</failure></testcase><testcase classname="tests.test_memo_upload.TestMemoUpload" name="test_jobs_api_returns_signed_memo_fields" time="0.541"><failure message="AssertionError: signed_memo_url should not be None&#10;assert None is not None">E   AssertionError: signed_memo_url should not be None
    assert None is not None</failure></testcase><testcase classname="tests.test_memo_upload.TestMemoUpload" name="test_job17_has_memo" time="0.544"><failure message="AssertionError: Job #17 should have signed_memo_url&#10;assert None&#10; +  where None = &lt;built-in method get of dict object at 0xfd1ace804ec0&gt;('signed_memo_url')&#10; +    where &lt;built-in method get of dict object at 0xfd1ace804ec0&gt; = {'branch_id': '699b07417bfb8884ade46dbb', 'branch_name': 'Israel Office', 'client_id': '699d74286ed929c698bfe682', 'client_name': 'ofir11', ...}.get">E   AssertionError: Job #17 should have signed_memo_url
    assert None
     +  where None = &lt;built-in method get of dict object at 0xfd1ace804ec0&gt;('signed_memo_url')
     +    where &lt;built-in method get of dict object at 0xfd1ace804ec0&gt; = {'branch_id': '699b07417bfb8884ade46dbb', 'branch_name': 'Israel Office', 'client_id': '699d74286ed929c698bfe682', 'client_name': 'ofir11', ...}.get</failure></testcase><testcase classname="tests.test_memo_upload.TestMemoUpload" name="test_job16_has_memo" time="0.565"><failure message="AssertionError: Job #16 should have signed_memo_url&#10;assert None&#10; +  where None = &lt;built-in method get of dict object at 0xfd1ace832980&gt;('signed_memo_url')&#10; +    where &lt;built-in method get of dict object at 0xfd1ace832980&gt; = {'branch_id': '699b07417bfb8884ade46dbb', 'branch_name': 'Israel Office', 'client_id': '699d74286ed929c698bfe682', 'client_name': 'ofir11', ...}.get">E   AssertionError: Job #16 should have signed_memo_url
    assert None
     +  where None = &lt;built-in method get of dict object at 0xfd1ace832980&gt;('signed_memo_url')
     +    where &lt;built-in method get of dict object at 0xfd1ace832980&gt; = {'branch_id': '699b07417bfb8884ade46dbb', 'branch_name': 'Israel Office', 'client_id': '699d74286ed929c698bfe682', 'client_name': 'ofir11', ...}.get</failure></testcase><testcase classname="tests.test_memo_upload.TestMemoUpload" name="test_single_job_api_returns_memo_fields" time="0.676"><failure message="assert None is not None">E   assert None is not None</failure></testcase><testcase classname="tests.test_memo_upload.TestMemoUpload" name="test_memo_upload_api" time="0.784" /><testcase classname="tests.test_memo_upload.TestJobResponseModel" name="test_job_response_includes_all_expected_fields" time="0.581" /><testcase classname="tests.test_mounted_fee.TestMountedFeeFeature" name="test_01_mounted_fee_toggle_on" time="0.596" /><testcase classname="tests.test_mounted_fee.TestMountedFeeFeature" name="test_02_mounted_fee_toggle_off" time="0.701" /><testcase classname="tests.test_mounted_fee.TestMountedFeeFeature" name="test_03_mounted_fee_once_per_certificate_group" time="0.904" /><testcase classname="tests.test_mounted_fee.TestMountedFeeFeature" name="test_04_color_stability_toggle_on" time="0.678"><failure message="AssertionError: Stone fee should be 50.0, got 30.0&#10;assert 30.0 == 50.0">E   AssertionError: Stone fee should be 50.0, got 30.0
    assert 30.0 == 50.0</failure></testcase><testcase classname="tests.test_mounted_fee.TestMountedFeeFeature" name="test_05_color_stability_toggle_off" time="0.679"><failure message="AssertionError: Stone fee should be -20.0, got 0&#10;assert 0 == -20.0">E   AssertionError: Stone fee should be -20.0, got 0
    assert 0 == -20.0</failure></testcase><testcase classname="tests.test_mounted_fee.TestMountedFeeFeature" name="test_06_combined_mounted_and_cst" time="0.771"><failure message="AssertionError: Stone fee should be 100.0, got 30.0&#10;assert 30.0 == 100.0">E   AssertionError: Stone fee should be 100.0, got 30.0
    assert 30.0 == 100.0</failure></testcase><testcase classname="tests.test_mounted_fee.TestMountedFeeFeature" name="test_07_api_returns_updated_total_fee" time="0.831" /><testcase classname="tests.test_notifications_api.TestNotificationStatusEndpoint" name="test_get_notification_status_success" time="0.230" /><testcase classname="tests.test_notifications_api.TestNotificationStatusEndpoint" name="test_notification_status_invalid_job_id" time="0.004" /><testcase classname="tests.test_notifications_api.TestNotificationStatusEndpoint" name="test_notification_status_without_auth" time="0.003" /><testcase classname="tests.test_notifications_api.TestNotificationPreviewEndpoint" name="test_preview_notification_success" time="0.005" /><testcase classname="tests.test_notifications_api.TestNotificationPreviewEndpoint" name="test_preview_all_notification_types" time="0.021" /><testcase classname="tests.test_notifications_api.TestNotificationPreviewEndpoint" name="test_preview_invalid_notification_type" time="0.003" /><testcase classname="tests.test_notifications_api.TestNotificationPreviewEndpoint" name="test_preview_invalid_job_id" time="0.003" /><testcase classname="tests.test_notifications_api.TestNotificationPreviewEndpoint" name="test_preview_without_auth" time="0.002" /><testcase classname="tests.test_notifications_api.TestNotificationSendEndpoint" name="test_send_notification_structure" time="0.226" /><testcase classname="tests.test_notifications_api.TestNotificationSendEndpoint" name="test_send_notification_invalid_type" time="0.003" /><testcase classname="tests.test_notifications_api.TestNotificationSendEndpoint" name="test_send_notification_invalid_job" time="0.003" /><testcase classname="tests.test_notifications_api.TestNotificationSendEndpoint" name="test_send_notification_without_auth" time="0.002" /><testcase classname="tests.test_notifications_api.TestNotificationCanSend" name="test_can_send_is_true" time="0.004" /><testcase classname="tests.test_partial_shipments.TestPartialShipmentHelpers" name="test_is_partial_with_stone_ids" time="0.000" /><testcase classname="tests.test_partial_shipments.TestPartialShipmentHelpers" name="test_is_partial_without_stone_ids" time="0.000" /><testcase classname="tests.test_partial_shipments.TestPartialShipmentHelpers" name="test_is_partial_with_none" time="0.000" /><testcase classname="tests.test_partial_shipments.TestApplyStoneLifecycle" name="test_stones_from_lab_delivered_updates_only_selected_stones" time="0.003" /><testcase classname="tests.test_partial_shipments.TestApplyStoneLifecycle" name="test_legacy_stones_are_skipped" time="0.001" /><testcase classname="tests.test_partial_shipments.TestApplyStoneLifecycle" name="test_certificates_from_lab_updates_cert_status" time="0.001" /><testcase classname="tests.test_partial_shipments.TestApplyStoneLifecycle" name="test_no_op_for_irrelevant_status" time="0.001" /><testcase classname="tests.test_partial_shipments.TestEmailPartialEnumeration" name="test_stones_returned_partial" time="0.001" /><testcase classname="tests.test_partial_shipments.TestEmailPartialEnumeration" name="test_stones_returned_full_backward_compat" time="0.000" /><testcase classname="tests.test_partial_shipments.TestEmailPartialEnumeration" name="test_cert_returned_partial" time="0.000" /><testcase classname="tests.test_partial_shipments_e2e.TestStoneStatusOnCreate" name="test_new_stones_have_at_office_status" time="15.957" /><testcase classname="tests.test_partial_shipments_e2e.TestSendToLabLifecycle" name="test_send_to_lab_shipment_and_deliver" time="1.030" /><testcase classname="tests.test_partial_shipments_e2e.TestPartialReturn" name="test_partial_return_updates_only_selected_stones" time="1.022" /><testcase classname="tests.test_partial_shipments_e2e.TestPartialReturn" name="test_notification_preview_partial" time="0.233" /><testcase classname="tests.test_partial_shipments_e2e.TestCertPartialReturn" name="test_cert_partial_updates_only_selected" time="1.421" /><testcase classname="tests.test_refactored_api.TestHealthAndRoot" name="test_root_endpoint" time="0.104" /><testcase classname="tests.test_refactored_api.TestHealthAndRoot" name="test_health_check" time="0.104" /><testcase classname="tests.test_refactored_api.TestAuthentication" name="test_admin_login" time="0.324" /><testcase classname="tests.test_refactored_api.TestAuthentication" name="test_customer_login" time="0.343" /><testcase classname="tests.test_refactored_api.TestAuthentication" name="test_invalid_login" time="0.144" /><testcase classname="tests.test_refactored_api.TestAuthentication" name="test_get_current_user" time="0.472" /><testcase classname="tests.test_refactored_api.TestBranches" name="test_get_branches" time="0.466" /><testcase classname="tests.test_refactored_api.TestClients" name="test_get_clients" time="0.456" /><testcase classname="tests.test_refactored_api.TestJobs" name="test_get_jobs" time="0.613" /><testcase classname="tests.test_refactored_api.TestJobs" name="test_get_job_by_id" time="0.979" /><testcase classname="tests.test_refactored_api.TestStones" name="test_get_all_stones" time="0.510" /><testcase classname="tests.test_refactored_api.TestShipments" name="test_get_shipments" time="0.473" /><testcase classname="tests.test_refactored_api.TestShipments" name="test_get_shipment_config_options" time="0.421" /><testcase classname="tests.test_refactored_api.TestDashboard" name="test_get_dashboard_stats" time="0.454" /><testcase classname="tests.test_refactored_api.TestPricing" name="test_get_pricing" time="2.549" /><testcase classname="tests.test_refactored_api.TestSettings" name="test_get_dropdown_settings" time="36.476" /><testcase classname="tests.test_refactored_api.TestUsers" name="test_get_users" time="0.452" /><testcase classname="tests.test_refactored_api.TestAddresses" name="test_get_addresses" time="0.485" /><testcase classname="tests.test_refactored_api.TestCloudinary" name="test_get_cloudinary_signature" time="0.449" /><testcase classname="tests.test_refactored_api.TestPDFGeneration" name="test_generate_memo_in_pdf" time="3.006" /><testcase classname="tests.test_refactored_api.TestPDFGeneration" name="test_generate_invoice_pdf" time="2.772" /><testcase classname="tests.test_refactored_api.TestNotifications" name="test_get_notification_status" time="0.646" /><testcase classname="tests.test_refactored_api.TestCustomerRoleAccess" name="test_customer_sees_only_their_jobs" time="0.590" /><testcase classname="tests.test_refactored_api.TestCustomerRoleAccess" name="test_customer_cannot_access_all_clients" time="0.442" /><testcase classname="tests.test_settings_api.TestDropdownSettings" name="test_get_dropdowns" time="0.230" /><testcase classname="tests.test_settings_api.TestDropdownSettings" name="test_update_dropdown_identification" time="0.017" /><testcase classname="tests.test_settings_api.TestDropdownSettings" name="test_update_dropdown_with_stone_type_filter" time="0.014" /><testcase classname="tests.test_settings_api.TestBranches" name="test_get_branches" time="0.003"><failure message="AssertionError: Branch missing return_address&#10;assert 'return_address' in {'address': 'Eliyahu Bashari Diamonds LTD, 1 Jabotinsky st., Ramat-Gan, 5252001, Israel', 'code': 'IL', 'email': 'grs-il@bashds.com', 'id': '699b07417bfb8884ade46dbb', ...}">E   AssertionError: Branch missing return_address
    assert 'return_address' in {'address': 'Eliyahu Bashari Diamonds LTD, 1 Jabotinsky st., Ramat-Gan, 5252001, Israel', 'code': 'IL', 'email': 'grs-il@bashds.com', 'id': '699b07417bfb8884ade46dbb', ...}</failure></testcase><testcase classname="tests.test_settings_api.TestBranches" name="test_create_branch" time="0.003"><failure message="KeyError: 'return_address'">E   KeyError: 'return_address'</failure></testcase><testcase classname="tests.test_settings_api.TestBranches" name="test_update_branch" time="0.011" /><testcase classname="tests.test_settings_api.TestBranches" name="test_get_single_branch" time="0.006" /><testcase classname="tests.test_settings_api.TestPricing" name="test_get_pricing" time="0.004"><failure message="AssertionError: Bracket missing express_fee&#10;assert 'express_fee' in {'fees': {'Express': 450, 'Normal': 300, 'Recheck': 120}, 'max_value': 10000, 'min_value': 0}">E   AssertionError: Bracket missing express_fee
    assert 'express_fee' in {'fees': {'Express': 450, 'Normal': 300, 'Recheck': 120}, 'max_value': 10000, 'min_value': 0}</failure></testcase><testcase classname="tests.test_settings_api.TestPricing" name="test_update_pricing" time="0.013" /><testcase classname="tests.test_settings_api.TestPricing" name="test_update_pricing_brackets" time="0.013" /><testcase classname="tests.test_verbal_findings.TestDropdownSettings" name="test_get_dropdown_settings" time="0.434" /><testcase classname="tests.test_verbal_findings.TestDropdownSettings" name="test_identification_dropdown_values" time="0.124" /><testcase classname="tests.test_verbal_findings.TestDropdownSettings" name="test_color_dropdown_values" time="0.123" /><testcase classname="tests.test_verbal_findings.TestDropdownSettings" name="test_origin_dropdown_values" time="0.115" /><testcase classname="tests.test_verbal_findings.TestDropdownSettings" name="test_comment_dropdown_values" time="0.126" /><testcase classname="tests.test_verbal_findings.TestDropdownSettings" name="test_initialize_dropdowns_idempotent" time="0.130" /><testcase classname="tests.test_verbal_findings.TestStructuredVerbalFindings" name="test_get_jobs_with_stones" time="0.202" /><testcase classname="tests.test_verbal_findings.TestStructuredVerbalFindings" name="test_save_structured_verbal_findings" time="0.346" /><testcase classname="tests.test_verbal_findings.TestStructuredVerbalFindings" name="test_verify_structured_verbal_findings_persisted" time="0.437" /><testcase classname="tests.test_verbal_findings.TestShipmentNestedJob" name="test_get_shipments_with_jobs" time="0.143" /><testcase classname="tests.test_verbal_findings.TestShipmentNestedJob" name="test_shipment_job_details_available" time="0.245" /><testcase classname="tests.test_welcome_email.TestRegressionAuth" name="test_admin_login" time="0.347" /><testcase classname="tests.test_welcome_email.TestRegressionAuth" name="test_customer_login" time="0.343" /><testcase classname="tests.test_welcome_email.TestRegressionAuth" name="test_invalid_login" time="0.130" /><testcase classname="tests.test_welcome_email.TestRegressionListing" name="test_clients_list" time="0.441" /><testcase classname="tests.test_welcome_email.TestRegressionListing" name="test_jobs_list" time="0.219" /><testcase classname="tests.test_welcome_email.TestRegressionListing" name="test_job_detail" time="0.318" /><testcase classname="tests.test_welcome_email.TestWelcomePreview" name="test_default_preview" time="0.130" /><testcase classname="tests.test_welcome_email.TestWelcomePreview" name="test_personalised_preview" time="0.252" /><testcase classname="tests.test_welcome_email.TestWelcomePreview" name="test_preview_requires_admin" time="0.114" /><testcase classname="tests.test_welcome_email.TestWelcomeBulk" name="test_empty_list_validation" time="0.109" /><testcase classname="tests.test_welcome_email.TestWelcomeBulk" name="test_invalid_object_id" time="0.108" /><testcase classname="tests.test_welcome_email.TestWelcomeBulk" name="test_mixed_valid_and_invalid" time="0.469" /><testcase classname="tests.test_welcome_email.TestWelcomeBulk" name="test_bulk_requires_admin" time="0.108" /><testcase classname="tests.test_welcome_email.TestJobNotificationPreviewRegression" name="test_preview_all_types[stones_accepted]" time="0.441" /><testcase classname="tests.test_welcome_email.TestJobNotificationPreviewRegression" name="test_preview_all_types[verbal_uploaded]" time="0.499" /><testcase classname="tests.test_welcome_email.TestJobNotificationPreviewRegression" name="test_preview_all_types[stones_returned]" time="0.482" /><testcase classname="tests.test_welcome_email.TestJobNotificationPreviewRegression" name="test_preview_all_types[cert_uploaded]" time="0.445" /><testcase classname="tests.test_welcome_email.TestJobNotificationPreviewRegression" name="test_preview_all_types[cert_returned]" time="0.446" /></testsuite></testsuites>