<?xml version="1.0" encoding="utf-8"?><testsuites name="pytest tests"><testsuite name="pytest" errors="0" failures="0" skipped="0" tests="24" time="14.569" timestamp="2026-03-24T10:09:59.826060+00:00" hostname="agent-env-76175ead-8b51-4d1d-856d-20247ee14ca0"><testcase classname="tests.test_refactored_api.TestHealthAndRoot" name="test_root_endpoint" time="0.217" /><testcase classname="tests.test_refactored_api.TestHealthAndRoot" name="test_health_check" time="0.102" /><testcase classname="tests.test_refactored_api.TestAuthentication" name="test_admin_login" time="0.378" /><testcase classname="tests.test_refactored_api.TestAuthentication" name="test_customer_login" time="0.330" /><testcase classname="tests.test_refactored_api.TestAuthentication" name="test_invalid_login" time="0.116" /><testcase classname="tests.test_refactored_api.TestAuthentication" name="test_get_current_user" time="0.447" /><testcase classname="tests.test_refactored_api.TestBranches" name="test_get_branches" time="0.442" /><testcase classname="tests.test_refactored_api.TestClients" name="test_get_clients" time="0.426" /><testcase classname="tests.test_refactored_api.TestJobs" name="test_get_jobs" time="0.493" /><testcase classname="tests.test_refactored_api.TestJobs" name="test_get_job_by_id" time="0.595" /><testcase classname="tests.test_refactored_api.TestStones" name="test_get_all_stones" time="0.869" /><testcase classname="tests.test_refactored_api.TestShipments" name="test_get_shipments" time="0.451" /><testcase classname="tests.test_refactored_api.TestShipments" name="test_get_shipment_config_options" time="0.462" /><testcase classname="tests.test_refactored_api.TestDashboard" name="test_get_dashboard_stats" time="0.423" /><testcase classname="tests.test_refactored_api.TestPricing" name="test_get_pricing" time="0.419" /><testcase classname="tests.test_refactored_api.TestSettings" name="test_get_dropdown_settings" time="0.433" /><testcase classname="tests.test_refactored_api.TestUsers" name="test_get_users" time="0.425" /><testcase classname="tests.test_refactored_api.TestAddresses" name="test_get_addresses" time="0.422" /><testcase classname="tests.test_refactored_api.TestCloudinary" name="test_get_cloudinary_signature" time="0.453" /><testcase classname="tests.test_refactored_api.TestPDFGeneration" name="test_generate_memo_in_pdf" time="2.562" /><testcase classname="tests.test_refactored_api.TestPDFGeneration" name="test_generate_invoice_pdf" time="2.480" /><testcase classname="tests.test_refactored_api.TestNotifications" name="test_get_notification_status" time="0.653" /><testcase classname="tests.test_refactored_api.TestCustomerRoleAccess" name="test_customer_sees_only_their_jobs" time="0.434" /><testcase classname="tests.test_refactored_api.TestCustomerRoleAccess" name="test_customer_cannot_access_all_clients" time="0.439" /></testsuite></testsuites>