<?xml version="1.0" encoding="utf-8"?><testsuites name="pytest tests"><testsuite name="pytest" errors="0" failures="0" skipped="0" tests="10" time="3.531" timestamp="2026-02-23T05:43:23.432535+00:00" hostname="agent-env-d6d66786-bfa0-4864-be38-61946bff41ec"><testcase classname="backend.tests.test_settings_api.TestDropdownSettings" name="test_get_dropdowns" time="0.660" /><testcase classname="backend.tests.test_settings_api.TestDropdownSettings" name="test_update_dropdown_identification" time="0.462" /><testcase classname="backend.tests.test_settings_api.TestDropdownSettings" name="test_update_dropdown_with_stone_type_filter" time="0.421" /><testcase classname="backend.tests.test_settings_api.TestBranches" name="test_get_branches" time="0.095" /><testcase classname="backend.tests.test_settings_api.TestBranches" name="test_create_branch" time="0.225" /><testcase classname="backend.tests.test_settings_api.TestBranches" name="test_update_branch" time="0.324" /><testcase classname="backend.tests.test_settings_api.TestBranches" name="test_get_single_branch" time="0.201" /><testcase classname="backend.tests.test_settings_api.TestPricing" name="test_get_pricing" time="0.137" /><testcase classname="backend.tests.test_settings_api.TestPricing" name="test_update_pricing" time="0.429" /><testcase classname="backend.tests.test_settings_api.TestPricing" name="test_update_pricing_brackets" time="0.450" /></testsuite></testsuites>