<?xml version="1.0" encoding="utf-8"?><testsuites name="pytest tests"><testsuite name="pytest" errors="0" failures="0" skipped="0" tests="12" time="5.968" timestamp="2026-03-24T11:12:54.057466+00:00" hostname="agent-env-76175ead-8b51-4d1d-856d-20247ee14ca0"><testcase classname="backend.tests.test_tranzila_payment.TestAuthLogin" name="test_admin_login_returns_token" time="0.490" /><testcase classname="backend.tests.test_tranzila_payment.TestExchangeRate" name="test_get_exchange_rate" time="0.326" /><testcase classname="backend.tests.test_tranzila_payment.TestPaymentTokenGeneration" name="test_generate_payment_token" time="0.478" /><testcase classname="backend.tests.test_tranzila_payment.TestPaymentDetails" name="test_get_payment_details" time="0.527" /><testcase classname="backend.tests.test_tranzila_payment.TestPaymentDetails" name="test_invalid_payment_token" time="0.103" /><testcase classname="backend.tests.test_tranzila_payment.TestPaymentHandshake" name="test_handshake_usd" time="1.010" /><testcase classname="backend.tests.test_tranzila_payment.TestPaymentHandshake" name="test_handshake_ils" time="0.881" /><testcase classname="backend.tests.test_tranzila_payment.TestPaymentStatus" name="test_payment_status" time="0.532" /><testcase classname="backend.tests.test_tranzila_payment.TestPaymentSimulation" name="test_simulate_payment_flow" time="1.214" /><testcase classname="backend.tests.test_tranzila_payment.TestPaymentEdgeCases" name="test_handshake_invalid_token" time="0.099" /><testcase classname="backend.tests.test_tranzila_payment.TestPaymentEdgeCases" name="test_simulate_invalid_token" time="0.111" /><testcase classname="backend.tests.test_tranzila_payment.TestPaymentEdgeCases" name="test_status_invalid_token" time="0.106" /></testsuite></testsuites>