<?xml version="1.0" encoding="utf-8"?><testsuites name="pytest tests"><testsuite name="pytest" errors="0" failures="0" skipped="0" tests="11" time="2.078" timestamp="2026-02-22T10:51:00.984292+00:00" hostname="agent-env-d80e7896-2627-4c41-a37e-55fb73c3dcf1"><testcase classname="tests.test_verbal_findings.TestDropdownSettings" name="test_get_dropdown_settings" time="0.465" /><testcase classname="tests.test_verbal_findings.TestDropdownSettings" name="test_identification_dropdown_values" time="0.103" /><testcase classname="tests.test_verbal_findings.TestDropdownSettings" name="test_color_dropdown_values" time="0.124" /><testcase classname="tests.test_verbal_findings.TestDropdownSettings" name="test_origin_dropdown_values" time="0.104" /><testcase classname="tests.test_verbal_findings.TestDropdownSettings" name="test_comment_dropdown_values" time="0.104" /><testcase classname="tests.test_verbal_findings.TestDropdownSettings" name="test_initialize_dropdowns_idempotent" time="0.114" /><testcase classname="tests.test_verbal_findings.TestStructuredVerbalFindings" name="test_get_jobs_with_stones" time="0.118" /><testcase classname="tests.test_verbal_findings.TestStructuredVerbalFindings" name="test_save_structured_verbal_findings" time="0.217" /><testcase classname="tests.test_verbal_findings.TestStructuredVerbalFindings" name="test_verify_structured_verbal_findings_persisted" time="0.331" /><testcase classname="tests.test_verbal_findings.TestShipmentNestedJob" name="test_get_shipments_with_jobs" time="0.109" /><testcase classname="tests.test_verbal_findings.TestShipmentNestedJob" name="test_shipment_job_details_available" time="0.208" /></testsuite></testsuites>