<?xml version="1.0" encoding="utf-8"?><testsuites name="pytest tests"><testsuite name="pytest" errors="0" failures="0" skipped="0" tests="18" time="5.421" timestamp="2026-04-21T11:01:34.711915+00:00" hostname="agent-env-76175ead-8b51-4d1d-856d-20247ee14ca0"><testcase classname="backend.tests.test_welcome_email.TestRegressionAuth" name="test_admin_login" time="0.399" /><testcase classname="backend.tests.test_welcome_email.TestRegressionAuth" name="test_customer_login" time="0.329" /><testcase classname="backend.tests.test_welcome_email.TestRegressionAuth" name="test_invalid_login" time="0.145" /><testcase classname="backend.tests.test_welcome_email.TestRegressionListing" name="test_clients_list" time="0.477" /><testcase classname="backend.tests.test_welcome_email.TestRegressionListing" name="test_jobs_list" time="0.190" /><testcase classname="backend.tests.test_welcome_email.TestRegressionListing" name="test_job_detail" time="0.368" /><testcase classname="backend.tests.test_welcome_email.TestWelcomePreview" name="test_default_preview" time="0.150" /><testcase classname="backend.tests.test_welcome_email.TestWelcomePreview" name="test_personalised_preview" time="0.250" /><testcase classname="backend.tests.test_welcome_email.TestWelcomePreview" name="test_preview_requires_admin" time="0.108" /><testcase classname="backend.tests.test_welcome_email.TestWelcomeBulk" name="test_empty_list_validation" time="0.128" /><testcase classname="backend.tests.test_welcome_email.TestWelcomeBulk" name="test_invalid_object_id" time="0.103" /><testcase classname="backend.tests.test_welcome_email.TestWelcomeBulk" name="test_mixed_valid_and_invalid" time="0.496" /><testcase classname="backend.tests.test_welcome_email.TestWelcomeBulk" name="test_bulk_requires_admin" time="0.099" /><testcase classname="backend.tests.test_welcome_email.TestJobNotificationPreviewRegression" name="test_preview_all_types[stones_accepted]" time="0.415" /><testcase classname="backend.tests.test_welcome_email.TestJobNotificationPreviewRegression" name="test_preview_all_types[verbal_uploaded]" time="0.400" /><testcase classname="backend.tests.test_welcome_email.TestJobNotificationPreviewRegression" name="test_preview_all_types[stones_returned]" time="0.412" /><testcase classname="backend.tests.test_welcome_email.TestJobNotificationPreviewRegression" name="test_preview_all_types[cert_uploaded]" time="0.399" /><testcase classname="backend.tests.test_welcome_email.TestJobNotificationPreviewRegression" name="test_preview_all_types[cert_returned]" time="0.477" /></testsuite></testsuites>